TN:
SF:/Users/nixlim/Sync/PROJECTS/MakersBnB/server/config/config.js
FNF:0
FNH:0
DA:1,1
LF:1
LH:1
BRF:0
BRH:0
end_of_record
TN:
SF:/Users/nixlim/Sync/PROJECTS/MakersBnB/server/models/index.js
FN:19,(anonymous_0)
FN:22,(anonymous_1)
FN:27,(anonymous_2)
FNF:3
FNH:3
FNDA:2,(anonymous_0)
FNDA:1,(anonymous_1)
FNDA:1,(anonymous_2)
DA:3,1
DA:4,1
DA:5,1
DA:6,1
DA:7,1
DA:8,1
DA:9,1
DA:11,1
DA:12,0
DA:14,1
DA:17,1
DA:20,2
DA:23,1
DA:24,1
DA:27,1
DA:28,1
DA:29,1
DA:33,1
DA:34,1
DA:36,1
LF:20
LH:19
BRDA:7,0,0,1
BRDA:7,0,1,1
BRDA:11,1,0,0
BRDA:11,1,1,1
BRDA:20,2,0,2
BRDA:20,2,1,2
BRDA:20,2,2,1
BRDA:28,3,0,1
BRDA:28,3,1,0
BRF:9
BRH:7
end_of_record
TN:
SF:/Users/nixlim/Sync/PROJECTS/MakersBnB/server/models/spaces.js
FN:2,(anonymous_0)
FN:11,(anonymous_1)
FNF:2
FNH:2
FNDA:1,(anonymous_0)
FNDA:1,(anonymous_1)
DA:2,1
DA:3,1
DA:11,1
DA:14,1
LF:4
LH:4
BRF:0
BRH:0
end_of_record
TN:
SF:/Users/nixlim/Sync/PROJECTS/MakersBnB/spec/spacesQuerySpec.js
FN:1,(anonymous_0)
FN:8,(anonymous_1)
FN:10,(anonymous_2)
FN:11,(anonymous_3)
FN:15,(anonymous_4)
FN:35,(anonymous_5)
FN:36,(anonymous_6)
FN:49,(anonymous_7)
FN:50,(anonymous_8)
FN:51,(anonymous_9)
FN:54,(anonymous_10)
FNF:11
FNH:8
FNDA:1,(anonymous_0)
FNDA:2,(anonymous_1)
FNDA:0,(anonymous_2)
FNDA:0,(anonymous_3)
FNDA:0,(anonymous_4)
FNDA:1,(anonymous_5)
FNDA:1,(anonymous_6)
FNDA:1,(anonymous_7)
FNDA:1,(anonymous_8)
FNDA:5,(anonymous_9)
FNDA:1,(anonymous_10)
DA:1,1
DA:2,1
DA:8,1
DA:9,2
DA:14,2
DA:18,2
DA:26,2
DA:35,1
DA:36,1
DA:37,1
DA:38,1
DA:39,1
DA:49,1
DA:50,1
DA:51,1
DA:52,5
DA:54,1
DA:55,1
DA:57,1
LF:19
LH:19
BRF:0
BRH:0
end_of_record
TN:
SF:/Users/nixlim/Sync/PROJECTS/MakersBnB/src/spacesQuery.js
FN:4,(anonymous_0)
FN:8,(anonymous_1)
FN:9,(anonymous_2)
FN:21,(anonymous_3)
FNF:4
FNH:4
FNDA:1,(anonymous_0)
FNDA:1,(anonymous_1)
FNDA:1,(anonymous_2)
FNDA:1,(anonymous_3)
DA:1,1
DA:3,1
DA:5,1
DA:6,1
DA:9,1
DA:10,1
DA:19,1
DA:22,1
LF:8
LH:8
BRDA:4,0,0,0
BRDA:21,1,0,0
BRF:2
BRH:0
end_of_record
